---------------------------------------------------------------
[ 2018-01-24T15:12:34+08:00 ] 127.0.0.1 GET /store/admin_product_order/index.html
[ info ] storeapp.com/store/admin_product_order/index.html [运行时间：0.253137s][吞吐率：3.95req/s] [内存消耗：3,284.67kb] [文件加载：78]
[ info ] [ DB ] INIT mysql
[ info ] [ BEHAVIOR ] Run cmf\behavior\InitHookBehavior @app_init [ RunTime:0.052462s ]
[ info ] [ LANG ] /Users/zhangshibiao/code/php/storeapp/simplewind/thinkphp/lang/zh-cn.php
[ info ] [ ROUTE ] array (
  'type' => 'module',
  'module' => 
  array (
    0 => 'store',
    1 => 'admin_product_order',
    2 => 'index',
  ),
)
[ info ] [ HEADER ] array (
  'host' => 'storeapp.com',
  'connection' => 'keep-alive',
  'cache-control' => 'max-age=0',
  'upgrade-insecure-requests' => '1',
  'user-agent' => 'Mozilla/5.0 (Macintosh; Intel Mac OS X 10_13_2) AppleWebKit/537.36 (KHTML, like Gecko) Chrome/63.0.3239.132 Safari/537.36',
  'accept' => 'text/html,application/xhtml+xml,application/xml;q=0.9,image/webp,image/apng,*/*;q=0.8',
  'referer' => 'http://storeapp.com/store/admin_product_order/index.html',
  'accept-encoding' => 'gzip, deflate',
  'accept-language' => 'zh-CN,zh;q=0.9',
  'cookie' => 'thinkphp_show_page_trace=0|4; thinkphp_show_page_trace=0|0; PHPSESSID=1hg6fs99r37bl69o3pe3j407c2; admin_username=admin',
)
[ info ] [ PARAM ] array (
)
[ info ] [ LANG ] /Users/zhangshibiao/code/php/storeapp/public/../simplewind/cmf/lang/zh-cn.php
[ info ] [ LANG ] /Users/zhangshibiao/code/php/storeapp/public/../app/admin/lang/zh-cn/common.php
[ info ] [ LANG ] /Users/zhangshibiao/code/php/storeapp/public/../app/portal/lang/zh-cn/common.php
[ info ] [ BEHAVIOR ] Run cmf\behavior\LangBehavior @app_begin [ RunTime:0.004421s ]
[ info ] [ CACHE ] INIT File
[ info ] [ LANG ] /Users/zhangshibiao/code/php/storeapp/public/../app/admin/lang/zh-cn/admin_menu.php
[ info ] [ LANG ] /Users/zhangshibiao/code/php/storeapp/public/../app/admin/lang/zh-cn/admin.php
[ info ] [ LANG ] /Users/zhangshibiao/code/php/storeapp/public/../app/user/lang/zh-cn/admin_menu.php
[ info ] [ LANG ] /Users/zhangshibiao/code/php/storeapp/public/../data/lang/zh-cn/admin_menu.php
[ info ] [ BEHAVIOR ] Run cmf\behavior\AdminLangBehavior @admin_init [ RunTime:0.006474s ]
[ info ] [ SESSION ] INIT array (
  'id' => '',
  'var_session_id' => '',
  'prefix' => 'think',
  'type' => '',
  'auto_start' => true,
)
[ info ] [ RUN ] app\store\controller\AdminProductOrderController->index[ /Users/zhangshibiao/code/php/storeapp/app/store/controller/AdminProductOrderController.php ]
[ info ] [ VIEW ] themes/admin_simpleboot3/store/admin_product_order/index.html [ array (
  0 => 'admin',
  1 => 'current_status',
  2 => 'orders',
  3 => 'status',
) ]
[ info ] [ LOG ] INIT File
[ sql ] [ DB ] CONNECT:[ UseTime:0.018074s ] mysql:host=192.168.1.25;port=3306;dbname=store;charset=utf8
[ sql ] [ SQL ] SHOW COLUMNS FROM `cmf_hook_plugin` [ RunTime:0.020220s ]
[ sql ] [ SQL ] SELECT `hook`,`plugin` FROM `cmf_hook_plugin` WHERE  `status` = 1 ORDER BY list_order ASC [ RunTime:0.007942s ]
[ sql ] [ SQL ] SHOW COLUMNS FROM `cmf_user` [ RunTime:0.020018s ]
[ sql ] [ SQL ] SELECT * FROM `cmf_user` WHERE  `id` = 1 LIMIT 1 [ RunTime:0.009230s ]
[ sql ] [ SQL ] SHOW COLUMNS FROM `cmf_product_order` [ RunTime:0.024870s ]
[ sql ] [ SQL ] SELECT * FROM `cmf_product_order` WHERE  `status` = 1 [ RunTime:0.018028s ]
[ sql ] [ SQL ] SELECT COUNT(*) AS tp_count FROM `cmf_product_order` WHERE  `delete_time` = 0 LIMIT 1 [ RunTime:0.006186s ]
[ sql ] [ SQL ] SELECT * FROM `cmf_product_order` WHERE  `delete_time` = 0 ORDER BY id desc LIMIT 0,20 [ RunTime:0.009794s ]
[ sql ] [ SQL ] SELECT `mobile`,`user_nickname` FROM `cmf_user` WHERE  `id` = 17 LIMIT 1 [ RunTime:0.005724s ]
[ sql ] [ SQL ] SELECT `mobile`,`user_nickname` FROM `cmf_user` WHERE  `id` = 17 LIMIT 1 [ RunTime:0.007760s ]
[ sql ] [ SQL ] SELECT `mobile`,`user_nickname` FROM `cmf_user` WHERE  `id` = 17 LIMIT 1 [ RunTime:0.009116s ]
[ sql ] [ SQL ] SELECT `mobile`,`user_nickname` FROM `cmf_user` WHERE  `id` = 17 LIMIT 1 [ RunTime:0.009630s ]
---------------------------------------------------------------
[ 2018-01-24T15:12:40+08:00 ] 127.0.0.1 GET /user/admin_index/index.html
[ info ] storeapp.com/user/admin_index/index.html [运行时间：0.218671s][吞吐率：4.57req/s] [内存消耗：3,021.74kb] [文件加载：76]
[ info ] [ DB ] INIT mysql
[ info ] [ BEHAVIOR ] Run cmf\behavior\InitHookBehavior @app_init [ RunTime:0.078842s ]
[ info ] [ LANG ] /Users/zhangshibiao/code/php/storeapp/simplewind/thinkphp/lang/zh-cn.php
[ info ] [ ROUTE ] array (
  'type' => 'module',
  'module' => 
  array (
    0 => 'user',
    1 => 'admin_index',
    2 => 'index',
  ),
)
[ info ] [ HEADER ] array (
  'host' => 'storeapp.com',
  'connection' => 'keep-alive',
  'upgrade-insecure-requests' => '1',
  'user-agent' => 'Mozilla/5.0 (Macintosh; Intel Mac OS X 10_13_2) AppleWebKit/537.36 (KHTML, like Gecko) Chrome/63.0.3239.132 Safari/537.36',
  'accept' => 'text/html,application/xhtml+xml,application/xml;q=0.9,image/webp,image/apng,*/*;q=0.8',
  'referer' => 'http://storeapp.com/admin/index/index.html',
  'accept-encoding' => 'gzip, deflate',
  'accept-language' => 'zh-CN,zh;q=0.9',
  'cookie' => 'thinkphp_show_page_trace=0|0; thinkphp_show_page_trace=0|0; PHPSESSID=1hg6fs99r37bl69o3pe3j407c2; admin_username=admin',
)
[ info ] [ PARAM ] array (
)
[ info ] [ LANG ] /Users/zhangshibiao/code/php/storeapp/public/../simplewind/cmf/lang/zh-cn.php
[ info ] [ LANG ] /Users/zhangshibiao/code/php/storeapp/public/../app/admin/lang/zh-cn/common.php
[ info ] [ LANG ] /Users/zhangshibiao/code/php/storeapp/public/../app/portal/lang/zh-cn/common.php
[ info ] [ BEHAVIOR ] Run cmf\behavior\LangBehavior @app_begin [ RunTime:0.001806s ]
[ info ] [ LANG ] /Users/zhangshibiao/code/php/storeapp/public/../app/user/lang/zh-cn.php
[ info ] [ CACHE ] INIT File
[ info ] [ LANG ] /Users/zhangshibiao/code/php/storeapp/public/../app/admin/lang/zh-cn/admin_menu.php
[ info ] [ LANG ] /Users/zhangshibiao/code/php/storeapp/public/../app/admin/lang/zh-cn/admin.php
[ info ] [ LANG ] /Users/zhangshibiao/code/php/storeapp/public/../app/user/lang/zh-cn/admin_menu.php
[ info ] [ LANG ] /Users/zhangshibiao/code/php/storeapp/public/../data/lang/zh-cn/admin_menu.php
[ info ] [ BEHAVIOR ] Run cmf\behavior\AdminLangBehavior @admin_init [ RunTime:0.001108s ]
[ info ] [ SESSION ] INIT array (
  'id' => '',
  'var_session_id' => '',
  'prefix' => 'think',
  'type' => '',
  'auto_start' => true,
)
[ info ] [ RUN ] app\user\controller\AdminIndexController->index[ /Users/zhangshibiao/code/php/storeapp/app/user/controller/AdminIndexController.php ]
[ info ] [ VIEW ] themes/admin_simpleboot3/user/admin_index/index.html [ array (
  0 => 'admin',
  1 => 'list',
  2 => 'page',
) ]
[ info ] [ LOG ] INIT File
[ sql ] [ DB ] CONNECT:[ UseTime:0.040382s ] mysql:host=192.168.1.25;port=3306;dbname=store;charset=utf8
[ sql ] [ SQL ] SHOW COLUMNS FROM `cmf_hook_plugin` [ RunTime:0.025047s ]
[ sql ] [ SQL ] SELECT `hook`,`plugin` FROM `cmf_hook_plugin` WHERE  `status` = 1 ORDER BY list_order ASC [ RunTime:0.007106s ]
[ sql ] [ SQL ] SHOW COLUMNS FROM `cmf_user` [ RunTime:0.029599s ]
[ sql ] [ SQL ] SELECT * FROM `cmf_user` WHERE  `id` = 1 LIMIT 1 [ RunTime:0.008015s ]
[ sql ] [ SQL ] SELECT COUNT(*) AS tp_count FROM `cmf_user` LIMIT 1 [ RunTime:0.035498s ]
[ sql ] [ SQL ] SELECT * FROM `cmf_user` ORDER BY create_time DESC LIMIT 0,10 [ RunTime:0.022024s ]
---------------------------------------------------------------
[ 2018-01-24T15:12:40+08:00 ] 127.0.0.1 GET /user/public/avatar/id/18.html
[ info ] storeapp.com/user/public/avatar/id/18.html [运行时间：0.155006s][吞吐率：6.45req/s] [内存消耗：2,618.83kb] [文件加载：70]
[ info ] [ DB ] INIT mysql
[ info ] [ BEHAVIOR ] Run cmf\behavior\InitHookBehavior @app_init [ RunTime:0.121050s ]
[ info ] [ LANG ] /Users/zhangshibiao/code/php/storeapp/simplewind/thinkphp/lang/zh-cn.php
[ info ] [ ROUTE ] array (
  'type' => 'module',
  'module' => 
  array (
    0 => 'user',
    1 => 'public',
    2 => 'avatar',
  ),
)
[ info ] [ HEADER ] array (
  'host' => 'storeapp.com',
  'connection' => 'keep-alive',
  'user-agent' => 'Mozilla/5.0 (Macintosh; Intel Mac OS X 10_13_2) AppleWebKit/537.36 (KHTML, like Gecko) Chrome/63.0.3239.132 Safari/537.36',
  'accept' => 'image/webp,image/apng,image/*,*/*;q=0.8',
  'referer' => 'http://storeapp.com/user/admin_index/index.html',
  'accept-encoding' => 'gzip, deflate',
  'accept-language' => 'zh-CN,zh;q=0.9',
  'cookie' => 'thinkphp_show_page_trace=0|0; PHPSESSID=1hg6fs99r37bl69o3pe3j407c2; admin_username=admin',
)
[ info ] [ PARAM ] array (
  'id' => '18',
)
[ info ] [ LANG ] /Users/zhangshibiao/code/php/storeapp/public/../simplewind/cmf/lang/zh-cn.php
[ info ] [ LANG ] /Users/zhangshibiao/code/php/storeapp/public/../app/admin/lang/zh-cn/common.php
[ info ] [ LANG ] /Users/zhangshibiao/code/php/storeapp/public/../app/portal/lang/zh-cn/common.php
[ info ] [ BEHAVIOR ] Run cmf\behavior\LangBehavior @app_begin [ RunTime:0.000662s ]
[ info ] [ LANG ] /Users/zhangshibiao/code/php/storeapp/public/../app/user/lang/zh-cn.php
[ info ] [ CACHE ] INIT File
[ info ] [ LANG ] /Users/zhangshibiao/code/php/storeapp/public/../app/portal/lang/zh-cn/home.php
[ info ] [ BEHAVIOR ] Run cmf\behavior\HomeLangBehavior @home_init [ RunTime:0.001707s ]
[ info ] [ LOG ] INIT File
[ sql ] [ DB ] CONNECT:[ UseTime:0.032847s ] mysql:host=192.168.1.25;port=3306;dbname=store;charset=utf8
[ sql ] [ SQL ] SHOW COLUMNS FROM `cmf_hook_plugin` [ RunTime:0.064354s ]
[ sql ] [ SQL ] SELECT `hook`,`plugin` FROM `cmf_hook_plugin` WHERE  `status` = 1 ORDER BY list_order ASC [ RunTime:0.014954s ]
[ error ] [2]mkdir(): File exists[/Users/zhangshibiao/code/php/storeapp/simplewind/thinkphp/library/think/cache/driver/File.php:80]
---------------------------------------------------------------
[ 2018-01-24T15:12:40+08:00 ] 127.0.0.1 GET /user/public/avatar/id/17.html
[ info ] storeapp.com/user/public/avatar/id/17.html [运行时间：0.259713s][吞吐率：3.85req/s] [内存消耗：2,891.71kb] [文件加载：67]
[ info ] [ DB ] INIT mysql
[ info ] [ BEHAVIOR ] Run cmf\behavior\InitHookBehavior @app_init [ RunTime:0.121550s ]
[ info ] [ LANG ] /Users/zhangshibiao/code/php/storeapp/simplewind/thinkphp/lang/zh-cn.php
[ info ] [ ROUTE ] array (
  'type' => 'module',
  'module' => 
  array (
    0 => 'user',
    1 => 'public',
    2 => 'avatar',
  ),
)
[ info ] [ HEADER ] array (
  'host' => 'storeapp.com',
  'connection' => 'keep-alive',
  'user-agent' => 'Mozilla/5.0 (Macintosh; Intel Mac OS X 10_13_2) AppleWebKit/537.36 (KHTML, like Gecko) Chrome/63.0.3239.132 Safari/537.36',
  'accept' => 'image/webp,image/apng,image/*,*/*;q=0.8',
  'referer' => 'http://storeapp.com/user/admin_index/index.html',
  'accept-encoding' => 'gzip, deflate',
  'accept-language' => 'zh-CN,zh;q=0.9',
  'cookie' => 'thinkphp_show_page_trace=0|0; PHPSESSID=1hg6fs99r37bl69o3pe3j407c2; admin_username=admin',
)
[ info ] [ PARAM ] array (
  'id' => '17',
)
[ info ] [ LANG ] /Users/zhangshibiao/code/php/storeapp/public/../simplewind/cmf/lang/zh-cn.php
[ info ] [ LANG ] /Users/zhangshibiao/code/php/storeapp/public/../app/admin/lang/zh-cn/common.php
[ info ] [ LANG ] /Users/zhangshibiao/code/php/storeapp/public/../app/portal/lang/zh-cn/common.php
[ info ] [ BEHAVIOR ] Run cmf\behavior\LangBehavior @app_begin [ RunTime:0.000734s ]
[ info ] [ LANG ] /Users/zhangshibiao/code/php/storeapp/public/../app/user/lang/zh-cn.php
[ info ] [ CACHE ] INIT File
[ info ] [ LANG ] /Users/zhangshibiao/code/php/storeapp/public/../app/portal/lang/zh-cn/home.php
[ info ] [ BEHAVIOR ] Run cmf\behavior\HomeLangBehavior @home_init [ RunTime:0.001676s ]
[ info ] [ RUN ] app\user\controller\PublicController->avatar[ /Users/zhangshibiao/code/php/storeapp/app/user/controller/PublicController.php ]
[ info ] [ LOG ] INIT File
[ sql ] [ DB ] CONNECT:[ UseTime:0.033882s ] mysql:host=192.168.1.25;port=3306;dbname=store;charset=utf8
[ sql ] [ SQL ] SHOW COLUMNS FROM `cmf_hook_plugin` [ RunTime:0.064332s ]
[ sql ] [ SQL ] SELECT `hook`,`plugin` FROM `cmf_hook_plugin` WHERE  `status` = 1 ORDER BY list_order ASC [ RunTime:0.015023s ]
[ sql ] [ SQL ] SHOW COLUMNS FROM `cmf_option` [ RunTime:0.031597s ]
[ sql ] [ SQL ] SELECT `option_value` FROM `cmf_option` WHERE  `option_name` = 'site_info' LIMIT 1 [ RunTime:0.017611s ]
[ sql ] [ SQL ] SHOW COLUMNS FROM `cmf_user` [ RunTime:0.028521s ]
[ sql ] [ SQL ] SELECT * FROM `cmf_user` WHERE  `id` = 17 LIMIT 1 [ RunTime:0.023801s ]
---------------------------------------------------------------
[ 2018-01-24T15:12:40+08:00 ] 127.0.0.1 GET /user/public/avatar/id/1.html
[ info ] storeapp.com/user/public/avatar/id/1.html [运行时间：0.265845s][吞吐率：3.76req/s] [内存消耗：2,891.56kb] [文件加载：67]
[ info ] [ DB ] INIT mysql
[ info ] [ BEHAVIOR ] Run cmf\behavior\InitHookBehavior @app_init [ RunTime:0.137377s ]
[ info ] [ LANG ] /Users/zhangshibiao/code/php/storeapp/simplewind/thinkphp/lang/zh-cn.php
[ info ] [ ROUTE ] array (
  'type' => 'module',
  'module' => 
  array (
    0 => 'user',
    1 => 'public',
    2 => 'avatar',
  ),
)
[ info ] [ HEADER ] array (
  'host' => 'storeapp.com',
  'connection' => 'keep-alive',
  'user-agent' => 'Mozilla/5.0 (Macintosh; Intel Mac OS X 10_13_2) AppleWebKit/537.36 (KHTML, like Gecko) Chrome/63.0.3239.132 Safari/537.36',
  'accept' => 'image/webp,image/apng,image/*,*/*;q=0.8',
  'referer' => 'http://storeapp.com/user/admin_index/index.html',
  'accept-encoding' => 'gzip, deflate',
  'accept-language' => 'zh-CN,zh;q=0.9',
  'cookie' => 'thinkphp_show_page_trace=0|0; PHPSESSID=1hg6fs99r37bl69o3pe3j407c2; admin_username=admin',
)
[ info ] [ PARAM ] array (
  'id' => '1',
)
[ info ] [ LANG ] /Users/zhangshibiao/code/php/storeapp/public/../simplewind/cmf/lang/zh-cn.php
[ info ] [ LANG ] /Users/zhangshibiao/code/php/storeapp/public/../app/admin/lang/zh-cn/common.php
[ info ] [ LANG ] /Users/zhangshibiao/code/php/storeapp/public/../app/portal/lang/zh-cn/common.php
[ info ] [ BEHAVIOR ] Run cmf\behavior\LangBehavior @app_begin [ RunTime:0.000666s ]
[ info ] [ LANG ] /Users/zhangshibiao/code/php/storeapp/public/../app/user/lang/zh-cn.php
[ info ] [ CACHE ] INIT File
[ info ] [ LANG ] /Users/zhangshibiao/code/php/storeapp/public/../app/portal/lang/zh-cn/home.php
[ info ] [ BEHAVIOR ] Run cmf\behavior\HomeLangBehavior @home_init [ RunTime:0.000384s ]
[ info ] [ RUN ] app\user\controller\PublicController->avatar[ /Users/zhangshibiao/code/php/storeapp/app/user/controller/PublicController.php ]
[ info ] [ LOG ] INIT File
[ sql ] [ DB ] CONNECT:[ UseTime:0.048770s ] mysql:host=192.168.1.25;port=3306;dbname=store;charset=utf8
[ sql ] [ SQL ] SHOW COLUMNS FROM `cmf_hook_plugin` [ RunTime:0.058996s ]
[ sql ] [ SQL ] SELECT `hook`,`plugin` FROM `cmf_hook_plugin` WHERE  `status` = 1 ORDER BY list_order ASC [ RunTime:0.021190s ]
[ sql ] [ SQL ] SHOW COLUMNS FROM `cmf_option` [ RunTime:0.031324s ]
[ sql ] [ SQL ] SELECT `option_value` FROM `cmf_option` WHERE  `option_name` = 'site_info' LIMIT 1 [ RunTime:0.016137s ]
[ sql ] [ SQL ] SHOW COLUMNS FROM `cmf_user` [ RunTime:0.042201s ]
[ sql ] [ SQL ] SELECT * FROM `cmf_user` WHERE  `id` = 1 LIMIT 1 [ RunTime:0.005801s ]
---------------------------------------------------------------
[ 2018-01-24T15:12:40+08:00 ] 127.0.0.1 GET /user/public/avatar/id/16.html
[ info ] storeapp.com/user/public/avatar/id/16.html [运行时间：0.260257s][吞吐率：3.84req/s] [内存消耗：2,891.71kb] [文件加载：67]
[ info ] [ DB ] INIT mysql
[ info ] [ BEHAVIOR ] Run cmf\behavior\InitHookBehavior @app_init [ RunTime:0.134232s ]
[ info ] [ LANG ] /Users/zhangshibiao/code/php/storeapp/simplewind/thinkphp/lang/zh-cn.php
[ info ] [ ROUTE ] array (
  'type' => 'module',
  'module' => 
  array (
    0 => 'user',
    1 => 'public',
    2 => 'avatar',
  ),
)
[ info ] [ HEADER ] array (
  'host' => 'storeapp.com',
  'connection' => 'keep-alive',
  'user-agent' => 'Mozilla/5.0 (Macintosh; Intel Mac OS X 10_13_2) AppleWebKit/537.36 (KHTML, like Gecko) Chrome/63.0.3239.132 Safari/537.36',
  'accept' => 'image/webp,image/apng,image/*,*/*;q=0.8',
  'referer' => 'http://storeapp.com/user/admin_index/index.html',
  'accept-encoding' => 'gzip, deflate',
  'accept-language' => 'zh-CN,zh;q=0.9',
  'cookie' => 'thinkphp_show_page_trace=0|0; PHPSESSID=1hg6fs99r37bl69o3pe3j407c2; admin_username=admin',
)
[ info ] [ PARAM ] array (
  'id' => '16',
)
[ info ] [ LANG ] /Users/zhangshibiao/code/php/storeapp/public/../simplewind/cmf/lang/zh-cn.php
[ info ] [ LANG ] /Users/zhangshibiao/code/php/storeapp/public/../app/admin/lang/zh-cn/common.php
[ info ] [ LANG ] /Users/zhangshibiao/code/php/storeapp/public/../app/portal/lang/zh-cn/common.php
[ info ] [ BEHAVIOR ] Run cmf\behavior\LangBehavior @app_begin [ RunTime:0.000559s ]
[ info ] [ LANG ] /Users/zhangshibiao/code/php/storeapp/public/../app/user/lang/zh-cn.php
[ info ] [ CACHE ] INIT File
[ info ] [ LANG ] /Users/zhangshibiao/code/php/storeapp/public/../app/portal/lang/zh-cn/home.php
[ info ] [ BEHAVIOR ] Run cmf\behavior\HomeLangBehavior @home_init [ RunTime:0.000366s ]
[ info ] [ RUN ] app\user\controller\PublicController->avatar[ /Users/zhangshibiao/code/php/storeapp/app/user/controller/PublicController.php ]
[ info ] [ LOG ] INIT File
[ sql ] [ DB ] CONNECT:[ UseTime:0.046435s ] mysql:host=192.168.1.25;port=3306;dbname=store;charset=utf8
[ sql ] [ SQL ] SHOW COLUMNS FROM `cmf_hook_plugin` [ RunTime:0.058980s ]
[ sql ] [ SQL ] SELECT `hook`,`plugin` FROM `cmf_hook_plugin` WHERE  `status` = 1 ORDER BY list_order ASC [ RunTime:0.021219s ]
[ sql ] [ SQL ] SHOW COLUMNS FROM `cmf_option` [ RunTime:0.031313s ]
[ sql ] [ SQL ] SELECT `option_value` FROM `cmf_option` WHERE  `option_name` = 'site_info' LIMIT 1 [ RunTime:0.016156s ]
[ sql ] [ SQL ] SHOW COLUMNS FROM `cmf_user` [ RunTime:0.042736s ]
[ sql ] [ SQL ] SELECT * FROM `cmf_user` WHERE  `id` = 16 LIMIT 1 [ RunTime:0.006661s ]
---------------------------------------------------------------
[ 2018-01-24T15:12:44+08:00 ] 127.0.0.1 GET /user/admin_index/index.html
[ info ] storeapp.com/user/admin_index/index.html [运行时间：0.179661s][吞吐率：5.57req/s] [内存消耗：3,021.82kb] [文件加载：76]
[ info ] [ DB ] INIT mysql
[ info ] [ BEHAVIOR ] Run cmf\behavior\InitHookBehavior @app_init [ RunTime:0.057671s ]
[ info ] [ LANG ] /Users/zhangshibiao/code/php/storeapp/simplewind/thinkphp/lang/zh-cn.php
[ info ] [ ROUTE ] array (
  'type' => 'module',
  'module' => 
  array (
    0 => 'user',
    1 => 'admin_index',
    2 => 'index',
  ),
)
[ info ] [ HEADER ] array (
  'host' => 'storeapp.com',
  'connection' => 'keep-alive',
  'cache-control' => 'max-age=0',
  'upgrade-insecure-requests' => '1',
  'user-agent' => 'Mozilla/5.0 (Macintosh; Intel Mac OS X 10_13_2) AppleWebKit/537.36 (KHTML, like Gecko) Chrome/63.0.3239.132 Safari/537.36',
  'accept' => 'text/html,application/xhtml+xml,application/xml;q=0.9,image/webp,image/apng,*/*;q=0.8',
  'referer' => 'http://storeapp.com/user/admin_index/index.html',
  'accept-encoding' => 'gzip, deflate',
  'accept-language' => 'zh-CN,zh;q=0.9',
  'cookie' => 'thinkphp_show_page_trace=0|0; thinkphp_show_page_trace=0|0; PHPSESSID=1hg6fs99r37bl69o3pe3j407c2; admin_username=admin',
)
[ info ] [ PARAM ] array (
)
[ info ] [ LANG ] /Users/zhangshibiao/code/php/storeapp/public/../simplewind/cmf/lang/zh-cn.php
[ info ] [ LANG ] /Users/zhangshibiao/code/php/storeapp/public/../app/admin/lang/zh-cn/common.php
[ info ] [ LANG ] /Users/zhangshibiao/code/php/storeapp/public/../app/portal/lang/zh-cn/common.php
[ info ] [ BEHAVIOR ] Run cmf\behavior\LangBehavior @app_begin [ RunTime:0.001254s ]
[ info ] [ LANG ] /Users/zhangshibiao/code/php/storeapp/public/../app/user/lang/zh-cn.php
[ info ] [ CACHE ] INIT File
[ info ] [ LANG ] /Users/zhangshibiao/code/php/storeapp/public/../app/admin/lang/zh-cn/admin_menu.php
[ info ] [ LANG ] /Users/zhangshibiao/code/php/storeapp/public/../app/admin/lang/zh-cn/admin.php
[ info ] [ LANG ] /Users/zhangshibiao/code/php/storeapp/public/../app/user/lang/zh-cn/admin_menu.php
[ info ] [ LANG ] /Users/zhangshibiao/code/php/storeapp/public/../data/lang/zh-cn/admin_menu.php
[ info ] [ BEHAVIOR ] Run cmf\behavior\AdminLangBehavior @admin_init [ RunTime:0.001026s ]
[ info ] [ SESSION ] INIT array (
  'id' => '',
  'var_session_id' => '',
  'prefix' => 'think',
  'type' => '',
  'auto_start' => true,
)
[ info ] [ RUN ] app\user\controller\AdminIndexController->index[ /Users/zhangshibiao/code/php/storeapp/app/user/controller/AdminIndexController.php ]
[ info ] [ VIEW ] themes/admin_simpleboot3/user/admin_index/index.html [ array (
  0 => 'admin',
  1 => 'list',
  2 => 'page',
) ]
[ info ] [ LOG ] INIT File
[ sql ] [ DB ] CONNECT:[ UseTime:0.026496s ] mysql:host=192.168.1.25;port=3306;dbname=store;charset=utf8
[ sql ] [ SQL ] SHOW COLUMNS FROM `cmf_hook_plugin` [ RunTime:0.019080s ]
[ sql ] [ SQL ] SELECT `hook`,`plugin` FROM `cmf_hook_plugin` WHERE  `status` = 1 ORDER BY list_order ASC [ RunTime:0.005965s ]
[ sql ] [ SQL ] SHOW COLUMNS FROM `cmf_user` [ RunTime:0.018910s ]
[ sql ] [ SQL ] SELECT * FROM `cmf_user` WHERE  `id` = 1 LIMIT 1 [ RunTime:0.005389s ]
[ sql ] [ SQL ] SELECT COUNT(*) AS tp_count FROM `cmf_user` LIMIT 1 [ RunTime:0.021114s ]
[ sql ] [ SQL ] SELECT * FROM `cmf_user` ORDER BY create_time DESC LIMIT 0,10 [ RunTime:0.035463s ]
---------------------------------------------------------------
[ 2018-01-24T15:12:44+08:00 ] 127.0.0.1 GET /user/public/avatar/id/18.html
[ info ] storeapp.com/user/public/avatar/id/18.html [运行时间：0.195718s][吞吐率：5.11req/s] [内存消耗：2,888.98kb] [文件加载：67]
[ info ] [ DB ] INIT mysql
[ info ] [ BEHAVIOR ] Run cmf\behavior\InitHookBehavior @app_init [ RunTime:0.104164s ]
[ info ] [ LANG ] /Users/zhangshibiao/code/php/storeapp/simplewind/thinkphp/lang/zh-cn.php
[ info ] [ ROUTE ] array (
  'type' => 'module',
  'module' => 
  array (
    0 => 'user',
    1 => 'public',
    2 => 'avatar',
  ),
)
[ info ] [ HEADER ] array (
  'host' => 'storeapp.com',
  'connection' => 'keep-alive',
  'user-agent' => 'Mozilla/5.0 (Macintosh; Intel Mac OS X 10_13_2) AppleWebKit/537.36 (KHTML, like Gecko) Chrome/63.0.3239.132 Safari/537.36',
  'accept' => 'image/webp,image/apng,image/*,*/*;q=0.8',
  'referer' => 'http://storeapp.com/user/admin_index/index.html',
  'accept-encoding' => 'gzip, deflate',
  'accept-language' => 'zh-CN,zh;q=0.9',
  'cookie' => 'thinkphp_show_page_trace=0|0; PHPSESSID=1hg6fs99r37bl69o3pe3j407c2; admin_username=admin',
)
[ info ] [ PARAM ] array (
  'id' => '18',
)
[ info ] [ LANG ] /Users/zhangshibiao/code/php/storeapp/public/../simplewind/cmf/lang/zh-cn.php
[ info ] [ LANG ] /Users/zhangshibiao/code/php/storeapp/public/../app/admin/lang/zh-cn/common.php
[ info ] [ LANG ] /Users/zhangshibiao/code/php/storeapp/public/../app/portal/lang/zh-cn/common.php
[ info ] [ BEHAVIOR ] Run cmf\behavior\LangBehavior @app_begin [ RunTime:0.000862s ]
[ info ] [ LANG ] /Users/zhangshibiao/code/php/storeapp/public/../app/user/lang/zh-cn.php
[ info ] [ CACHE ] INIT File
[ info ] [ LANG ] /Users/zhangshibiao/code/php/storeapp/public/../app/portal/lang/zh-cn/home.php
[ info ] [ BEHAVIOR ] Run cmf\behavior\HomeLangBehavior @home_init [ RunTime:0.000392s ]
[ info ] [ RUN ] app\user\controller\PublicController->avatar[ /Users/zhangshibiao/code/php/storeapp/app/user/controller/PublicController.php ]
[ info ] [ LOG ] INIT File
[ sql ] [ DB ] CONNECT:[ UseTime:0.007842s ] mysql:host=192.168.1.25;port=3306;dbname=store;charset=utf8
[ sql ] [ SQL ] SHOW COLUMNS FROM `cmf_hook_plugin` [ RunTime:0.045081s ]
[ sql ] [ SQL ] SELECT `hook`,`plugin` FROM `cmf_hook_plugin` WHERE  `status` = 1 ORDER BY list_order ASC [ RunTime:0.036235s ]
[ sql ] [ SQL ] SHOW COLUMNS FROM `cmf_user` [ RunTime:0.056146s ]
[ sql ] [ SQL ] SELECT * FROM `cmf_user` WHERE  `id` = 18 LIMIT 1 [ RunTime:0.006791s ]
---------------------------------------------------------------
[ 2018-01-24T15:12:44+08:00 ] 127.0.0.1 GET /user/public/avatar/id/1.html
[ info ] storeapp.com/user/public/avatar/id/1.html [运行时间：0.195056s][吞吐率：5.13req/s] [内存消耗：2,888.62kb] [文件加载：67]
[ info ] [ DB ] INIT mysql
[ info ] [ BEHAVIOR ] Run cmf\behavior\InitHookBehavior @app_init [ RunTime:0.099542s ]
[ info ] [ LANG ] /Users/zhangshibiao/code/php/storeapp/simplewind/thinkphp/lang/zh-cn.php
[ info ] [ ROUTE ] array (
  'type' => 'module',
  'module' => 
  array (
    0 => 'user',
    1 => 'public',
    2 => 'avatar',
  ),
)
[ info ] [ HEADER ] array (
  'host' => 'storeapp.com',
  'connection' => 'keep-alive',
  'user-agent' => 'Mozilla/5.0 (Macintosh; Intel Mac OS X 10_13_2) AppleWebKit/537.36 (KHTML, like Gecko) Chrome/63.0.3239.132 Safari/537.36',
  'accept' => 'image/webp,image/apng,image/*,*/*;q=0.8',
  'referer' => 'http://storeapp.com/user/admin_index/index.html',
  'accept-encoding' => 'gzip, deflate',
  'accept-language' => 'zh-CN,zh;q=0.9',
  'cookie' => 'thinkphp_show_page_trace=0|0; PHPSESSID=1hg6fs99r37bl69o3pe3j407c2; admin_username=admin',
)
[ info ] [ PARAM ] array (
  'id' => '1',
)
[ info ] [ LANG ] /Users/zhangshibiao/code/php/storeapp/public/../simplewind/cmf/lang/zh-cn.php
[ info ] [ LANG ] /Users/zhangshibiao/code/php/storeapp/public/../app/admin/lang/zh-cn/common.php
[ info ] [ LANG ] /Users/zhangshibiao/code/php/storeapp/public/../app/portal/lang/zh-cn/common.php
[ info ] [ BEHAVIOR ] Run cmf\behavior\LangBehavior @app_begin [ RunTime:0.000818s ]
[ info ] [ LANG ] /Users/zhangshibiao/code/php/storeapp/public/../app/user/lang/zh-cn.php
[ info ] [ CACHE ] INIT File
[ info ] [ LANG ] /Users/zhangshibiao/code/php/storeapp/public/../app/portal/lang/zh-cn/home.php
[ info ] [ BEHAVIOR ] Run cmf\behavior\HomeLangBehavior @home_init [ RunTime:0.000335s ]
[ info ] [ RUN ] app\user\controller\PublicController->avatar[ /Users/zhangshibiao/code/php/storeapp/app/user/controller/PublicController.php ]
[ info ] [ LOG ] INIT File
[ sql ] [ DB ] CONNECT:[ UseTime:0.006750s ] mysql:host=192.168.1.25;port=3306;dbname=store;charset=utf8
[ sql ] [ SQL ] SHOW COLUMNS FROM `cmf_hook_plugin` [ RunTime:0.049034s ]
[ sql ] [ SQL ] SELECT `hook`,`plugin` FROM `cmf_hook_plugin` WHERE  `status` = 1 ORDER BY list_order ASC [ RunTime:0.034427s ]
[ sql ] [ SQL ] SHOW COLUMNS FROM `cmf_user` [ RunTime:0.056978s ]
[ sql ] [ SQL ] SELECT * FROM `cmf_user` WHERE  `id` = 1 LIMIT 1 [ RunTime:0.006006s ]
---------------------------------------------------------------
[ 2018-01-24T15:12:44+08:00 ] 127.0.0.1 GET /user/public/avatar/id/16.html
[ info ] storeapp.com/user/public/avatar/id/16.html [运行时间：0.208909s][吞吐率：4.79req/s] [内存消耗：2,888.98kb] [文件加载：67]
[ info ] [ DB ] INIT mysql
[ info ] [ BEHAVIOR ] Run cmf\behavior\InitHookBehavior @app_init [ RunTime:0.133563s ]
[ info ] [ LANG ] /Users/zhangshibiao/code/php/storeapp/simplewind/thinkphp/lang/zh-cn.php
[ info ] [ ROUTE ] array (
  'type' => 'module',
  'module' => 
  array (
    0 => 'user',
    1 => 'public',
    2 => 'avatar',
  ),
)
[ info ] [ HEADER ] array (
  'host' => 'storeapp.com',
  'connection' => 'keep-alive',
  'user-agent' => 'Mozilla/5.0 (Macintosh; Intel Mac OS X 10_13_2) AppleWebKit/537.36 (KHTML, like Gecko) Chrome/63.0.3239.132 Safari/537.36',
  'accept' => 'image/webp,image/apng,image/*,*/*;q=0.8',
  'referer' => 'http://storeapp.com/user/admin_index/index.html',
  'accept-encoding' => 'gzip, deflate',
  'accept-language' => 'zh-CN,zh;q=0.9',
  'cookie' => 'thinkphp_show_page_trace=0|0; PHPSESSID=1hg6fs99r37bl69o3pe3j407c2; admin_username=admin',
)
[ info ] [ PARAM ] array (
  'id' => '16',
)
[ info ] [ LANG ] /Users/zhangshibiao/code/php/storeapp/public/../simplewind/cmf/lang/zh-cn.php
[ info ] [ LANG ] /Users/zhangshibiao/code/php/storeapp/public/../app/admin/lang/zh-cn/common.php
[ info ] [ LANG ] /Users/zhangshibiao/code/php/storeapp/public/../app/portal/lang/zh-cn/common.php
[ info ] [ BEHAVIOR ] Run cmf\behavior\LangBehavior @app_begin [ RunTime:0.002748s ]
[ info ] [ LANG ] /Users/zhangshibiao/code/php/storeapp/public/../app/user/lang/zh-cn.php
[ info ] [ CACHE ] INIT File
[ info ] [ LANG ] /Users/zhangshibiao/code/php/storeapp/public/../app/portal/lang/zh-cn/home.php
[ info ] [ BEHAVIOR ] Run cmf\behavior\HomeLangBehavior @home_init [ RunTime:0.000336s ]
[ info ] [ RUN ] app\user\controller\PublicController->avatar[ /Users/zhangshibiao/code/php/storeapp/app/user/controller/PublicController.php ]
[ info ] [ LOG ] INIT File
[ sql ] [ DB ] CONNECT:[ UseTime:0.007145s ] mysql:host=192.168.1.25;port=3306;dbname=store;charset=utf8
[ sql ] [ SQL ] SHOW COLUMNS FROM `cmf_hook_plugin` [ RunTime:0.052319s ]
[ sql ] [ SQL ] SELECT `hook`,`plugin` FROM `cmf_hook_plugin` WHERE  `status` = 1 ORDER BY list_order ASC [ RunTime:0.060836s ]
[ sql ] [ SQL ] SHOW COLUMNS FROM `cmf_user` [ RunTime:0.032381s ]
[ sql ] [ SQL ] SELECT * FROM `cmf_user` WHERE  `id` = 16 LIMIT 1 [ RunTime:0.006496s ]
---------------------------------------------------------------
[ 2018-01-24T15:12:44+08:00 ] 127.0.0.1 GET /user/public/avatar/id/17.html
[ info ] storeapp.com/user/public/avatar/id/17.html [运行时间：0.209338s][吞吐率：4.78req/s] [内存消耗：2,888.98kb] [文件加载：67]
[ info ] [ DB ] INIT mysql
[ info ] [ BEHAVIOR ] Run cmf\behavior\InitHookBehavior @app_init [ RunTime:0.130696s ]
[ info ] [ LANG ] /Users/zhangshibiao/code/php/storeapp/simplewind/thinkphp/lang/zh-cn.php
[ info ] [ ROUTE ] array (
  'type' => 'module',
  'module' => 
  array (
    0 => 'user',
    1 => 'public',
    2 => 'avatar',
  ),
)
[ info ] [ HEADER ] array (
  'host' => 'storeapp.com',
  'connection' => 'keep-alive',
  'user-agent' => 'Mozilla/5.0 (Macintosh; Intel Mac OS X 10_13_2) AppleWebKit/537.36 (KHTML, like Gecko) Chrome/63.0.3239.132 Safari/537.36',
  'accept' => 'image/webp,image/apng,image/*,*/*;q=0.8',
  'referer' => 'http://storeapp.com/user/admin_index/index.html',
  'accept-encoding' => 'gzip, deflate',
  'accept-language' => 'zh-CN,zh;q=0.9',
  'cookie' => 'thinkphp_show_page_trace=0|0; PHPSESSID=1hg6fs99r37bl69o3pe3j407c2; admin_username=admin',
)
[ info ] [ PARAM ] array (
  'id' => '17',
)
[ info ] [ LANG ] /Users/zhangshibiao/code/php/storeapp/public/../simplewind/cmf/lang/zh-cn.php
[ info ] [ LANG ] /Users/zhangshibiao/code/php/storeapp/public/../app/admin/lang/zh-cn/common.php
[ info ] [ LANG ] /Users/zhangshibiao/code/php/storeapp/public/../app/portal/lang/zh-cn/common.php
[ info ] [ BEHAVIOR ] Run cmf\behavior\LangBehavior @app_begin [ RunTime:0.002560s ]
[ info ] [ LANG ] /Users/zhangshibiao/code/php/storeapp/public/../app/user/lang/zh-cn.php
[ info ] [ CACHE ] INIT File
[ info ] [ LANG ] /Users/zhangshibiao/code/php/storeapp/public/../app/portal/lang/zh-cn/home.php
[ info ] [ BEHAVIOR ] Run cmf\behavior\HomeLangBehavior @home_init [ RunTime:0.000351s ]
[ info ] [ RUN ] app\user\controller\PublicController->avatar[ /Users/zhangshibiao/code/php/storeapp/app/user/controller/PublicController.php ]
[ info ] [ LOG ] INIT File
[ sql ] [ DB ] CONNECT:[ UseTime:0.006968s ] mysql:host=192.168.1.25;port=3306;dbname=store;charset=utf8
[ sql ] [ SQL ] SHOW COLUMNS FROM `cmf_hook_plugin` [ RunTime:0.052431s ]
[ sql ] [ SQL ] SELECT `hook`,`plugin` FROM `cmf_hook_plugin` WHERE  `status` = 1 ORDER BY list_order ASC [ RunTime:0.060782s ]
[ sql ] [ SQL ] SHOW COLUMNS FROM `cmf_user` [ RunTime:0.033537s ]
[ sql ] [ SQL ] SELECT * FROM `cmf_user` WHERE  `id` = 17 LIMIT 1 [ RunTime:0.006388s ]
---------------------------------------------------------------
[ 2018-01-24T16:54:34+08:00 ] 127.0.0.1 GET /store/admin_product/index.html
[ info ] storeapp.com/store/admin_product/index.html [运行时间：0.338897s][吞吐率：2.95req/s] [内存消耗：3,412.42kb] [文件加载：84]
[ info ] [ DB ] INIT mysql
[ info ] [ BEHAVIOR ] Run cmf\behavior\InitHookBehavior @app_init [ RunTime:0.053420s ]
[ info ] [ LANG ] /Users/zhangshibiao/code/php/storeapp/simplewind/thinkphp/lang/zh-cn.php
[ info ] [ ROUTE ] array (
  'type' => 'module',
  'module' => 
  array (
    0 => 'store',
    1 => 'admin_product',
    2 => 'index',
  ),
)
[ info ] [ HEADER ] array (
  'host' => 'storeapp.com',
  'connection' => 'keep-alive',
  'upgrade-insecure-requests' => '1',
  'user-agent' => 'Mozilla/5.0 (Macintosh; Intel Mac OS X 10_13_2) AppleWebKit/537.36 (KHTML, like Gecko) Chrome/63.0.3239.132 Safari/537.36',
  'accept' => 'text/html,application/xhtml+xml,application/xml;q=0.9,image/webp,image/apng,*/*;q=0.8',
  'referer' => 'http://storeapp.com/admin/index/index.html',
  'accept-encoding' => 'gzip, deflate',
  'accept-language' => 'zh-CN,zh;q=0.9',
  'cookie' => 'thinkphp_show_page_trace=0|0; thinkphp_show_page_trace=0|0; PHPSESSID=1hg6fs99r37bl69o3pe3j407c2; admin_username=admin',
)
[ info ] [ PARAM ] array (
)
[ info ] [ LANG ] /Users/zhangshibiao/code/php/storeapp/public/../simplewind/cmf/lang/zh-cn.php
[ info ] [ LANG ] /Users/zhangshibiao/code/php/storeapp/public/../app/admin/lang/zh-cn/common.php
[ info ] [ LANG ] /Users/zhangshibiao/code/php/storeapp/public/../app/portal/lang/zh-cn/common.php
[ info ] [ BEHAVIOR ] Run cmf\behavior\LangBehavior @app_begin [ RunTime:0.003568s ]
[ info ] [ CACHE ] INIT File
[ info ] [ LANG ] /Users/zhangshibiao/code/php/storeapp/public/../app/admin/lang/zh-cn/admin_menu.php
[ info ] [ LANG ] /Users/zhangshibiao/code/php/storeapp/public/../app/admin/lang/zh-cn/admin.php
[ info ] [ LANG ] /Users/zhangshibiao/code/php/storeapp/public/../app/user/lang/zh-cn/admin_menu.php
[ info ] [ LANG ] /Users/zhangshibiao/code/php/storeapp/public/../data/lang/zh-cn/admin_menu.php
[ info ] [ BEHAVIOR ] Run cmf\behavior\AdminLangBehavior @admin_init [ RunTime:0.004709s ]
[ info ] [ SESSION ] INIT array (
  'id' => '',
  'var_session_id' => '',
  'prefix' => 'think',
  'type' => '',
  'auto_start' => true,
)
[ info ] [ RUN ] app\store\controller\AdminProductController->index[ /Users/zhangshibiao/code/php/storeapp/app/store/controller/AdminProductController.php ]
[ info ] [ VIEW ] themes/admin_simpleboot3/store/admin_product/index.html [ array (
  0 => 'admin',
  1 => 'products',
  2 => 'cur_category',
  3 => 'category',
) ]
[ info ] [ LOG ] INIT File
[ sql ] [ DB ] CONNECT:[ UseTime:0.010281s ] mysql:host=192.168.1.25;port=3306;dbname=store;charset=utf8
[ sql ] [ SQL ] SHOW COLUMNS FROM `cmf_hook_plugin` [ RunTime:0.019114s ]
[ sql ] [ SQL ] SELECT `hook`,`plugin` FROM `cmf_hook_plugin` WHERE  `status` = 1 ORDER BY list_order ASC [ RunTime:0.005662s ]
[ sql ] [ SQL ] SHOW COLUMNS FROM `cmf_user` [ RunTime:0.032630s ]
[ sql ] [ SQL ] SELECT * FROM `cmf_user` WHERE  `id` = 1 LIMIT 1 [ RunTime:0.017806s ]
[ sql ] [ SQL ] SHOW COLUMNS FROM `cmf_product` [ RunTime:0.030522s ]
[ sql ] [ SQL ] SELECT COUNT(*) AS tp_count FROM `cmf_product` WHERE  `delete_time` = 0 LIMIT 1 [ RunTime:0.004371s ]
[ sql ] [ SQL ] SELECT * FROM `cmf_product` WHERE  `delete_time` = 0 ORDER BY list_order asc, id desc LIMIT 0,20 [ RunTime:0.007058s ]
[ sql ] [ SQL ] SHOW COLUMNS FROM `cmf_product_category` [ RunTime:0.019930s ]
[ sql ] [ SQL ] SELECT * FROM `cmf_product_category` WHERE  `id` IN (1,2,3) [ RunTime:0.007859s ]
[ sql ] [ SQL ] SELECT * FROM `cmf_product_category` [ RunTime:0.006352s ]
[ sql ] [ SQL ] SHOW COLUMNS FROM `cmf_option` [ RunTime:0.017680s ]
[ sql ] [ SQL ] SELECT `option_value` FROM `cmf_option` WHERE  `option_name` = 'storage' LIMIT 1 [ RunTime:0.009145s ]
---------------------------------------------------------------
[ 2018-01-24T16:54:36+08:00 ] 127.0.0.1 GET /store/admin_product/edit/id/5.html
[ info ] storeapp.com/store/admin_product/edit/id/5.html [运行时间：0.240183s][吞吐率：4.16req/s] [内存消耗：3,993.52kb] [文件加载：81]
[ info ] [ DB ] INIT mysql
[ info ] [ BEHAVIOR ] Run cmf\behavior\InitHookBehavior @app_init [ RunTime:0.043412s ]
[ info ] [ LANG ] /Users/zhangshibiao/code/php/storeapp/simplewind/thinkphp/lang/zh-cn.php
[ info ] [ ROUTE ] array (
  'type' => 'module',
  'module' => 
  array (
    0 => 'store',
    1 => 'admin_product',
    2 => 'edit',
  ),
)
[ info ] [ HEADER ] array (
  'host' => 'storeapp.com',
  'connection' => 'keep-alive',
  'upgrade-insecure-requests' => '1',
  'user-agent' => 'Mozilla/5.0 (Macintosh; Intel Mac OS X 10_13_2) AppleWebKit/537.36 (KHTML, like Gecko) Chrome/63.0.3239.132 Safari/537.36',
  'accept' => 'text/html,application/xhtml+xml,application/xml;q=0.9,image/webp,image/apng,*/*;q=0.8',
  'referer' => 'http://storeapp.com/store/admin_product/index.html',
  'accept-encoding' => 'gzip, deflate',
  'accept-language' => 'zh-CN,zh;q=0.9',
  'cookie' => 'thinkphp_show_page_trace=0|0; thinkphp_show_page_trace=0|0; thinkphp_show_page_trace=0|0; PHPSESSID=1hg6fs99r37bl69o3pe3j407c2; admin_username=admin',
)
[ info ] [ PARAM ] array (
  'id' => '5',
)
[ info ] [ LANG ] /Users/zhangshibiao/code/php/storeapp/public/../simplewind/cmf/lang/zh-cn.php
[ info ] [ LANG ] /Users/zhangshibiao/code/php/storeapp/public/../app/admin/lang/zh-cn/common.php
[ info ] [ LANG ] /Users/zhangshibiao/code/php/storeapp/public/../app/portal/lang/zh-cn/common.php
[ info ] [ BEHAVIOR ] Run cmf\behavior\LangBehavior @app_begin [ RunTime:0.001451s ]
[ info ] [ CACHE ] INIT File
[ info ] [ LANG ] /Users/zhangshibiao/code/php/storeapp/public/../app/admin/lang/zh-cn/admin_menu.php
[ info ] [ LANG ] /Users/zhangshibiao/code/php/storeapp/public/../app/admin/lang/zh-cn/admin.php
[ info ] [ LANG ] /Users/zhangshibiao/code/php/storeapp/public/../app/user/lang/zh-cn/admin_menu.php
[ info ] [ LANG ] /Users/zhangshibiao/code/php/storeapp/public/../data/lang/zh-cn/admin_menu.php
[ info ] [ BEHAVIOR ] Run cmf\behavior\AdminLangBehavior @admin_init [ RunTime:0.000978s ]
[ info ] [ SESSION ] INIT array (
  'id' => '',
  'var_session_id' => '',
  'prefix' => 'think',
  'type' => '',
  'auto_start' => true,
)
[ info ] [ RUN ] app\store\controller\AdminProductController->edit[ /Users/zhangshibiao/code/php/storeapp/app/store/controller/AdminProductController.php ]
[ info ] [ VIEW ] themes/admin_simpleboot3/store/admin_product/edit.html [ array (
  0 => 'admin',
  1 => 'types',
  2 => 'categories',
  3 => 'product',
) ]
[ info ] [ LOG ] INIT File
[ sql ] [ DB ] CONNECT:[ UseTime:0.011153s ] mysql:host=192.168.1.25;port=3306;dbname=store;charset=utf8
[ sql ] [ SQL ] SHOW COLUMNS FROM `cmf_hook_plugin` [ RunTime:0.018558s ]
[ sql ] [ SQL ] SELECT `hook`,`plugin` FROM `cmf_hook_plugin` WHERE  `status` = 1 ORDER BY list_order ASC [ RunTime:0.006069s ]
[ sql ] [ SQL ] SHOW COLUMNS FROM `cmf_user` [ RunTime:0.028878s ]
[ sql ] [ SQL ] SELECT * FROM `cmf_user` WHERE  `id` = 1 LIMIT 1 [ RunTime:0.006123s ]
[ sql ] [ SQL ] SHOW COLUMNS FROM `cmf_product_type` [ RunTime:0.020391s ]
[ sql ] [ SQL ] SELECT * FROM `cmf_product_type` [ RunTime:0.007355s ]
[ sql ] [ SQL ] SHOW COLUMNS FROM `cmf_product_category` [ RunTime:0.018638s ]
[ sql ] [ SQL ] SELECT * FROM `cmf_product_category` [ RunTime:0.006822s ]
[ sql ] [ SQL ] SHOW COLUMNS FROM `cmf_product` [ RunTime:0.018076s ]
[ sql ] [ SQL ] SELECT * FROM `cmf_product` WHERE  `id` = 5 LIMIT 1 [ RunTime:0.009651s ]
[ sql ] [ SQL ] SHOW COLUMNS FROM `cmf_option` [ RunTime:0.015259s ]
[ sql ] [ SQL ] SELECT `option_value` FROM `cmf_option` WHERE  `option_name` = 'storage' LIMIT 1 [ RunTime:0.004550s ]
---------------------------------------------------------------
[ 2018-01-24T16:54:37+08:00 ] 127.0.0.1 GET /user/Ueditor/upload?action=config&&noCache=1516784076984
[ info ] storeapp.com/user/Ueditor/upload?action=config&&noCache=1516784076984 [运行时间：0.112673s][吞吐率：8.88req/s] [内存消耗：2,569.56kb] [文件加载：61]
[ info ] [ DB ] INIT mysql
[ info ] [ BEHAVIOR ] Run cmf\behavior\InitHookBehavior @app_init [ RunTime:0.048980s ]
[ info ] [ LANG ] /Users/zhangshibiao/code/php/storeapp/simplewind/thinkphp/lang/zh-cn.php
[ info ] [ ROUTE ] array (
  'type' => 'module',
  'module' => 
  array (
    0 => 'user',
    1 => 'Ueditor',
    2 => 'upload',
  ),
)
[ info ] [ HEADER ] array (
  'host' => 'storeapp.com',
  'connection' => 'keep-alive',
  'user-agent' => 'Mozilla/5.0 (Macintosh; Intel Mac OS X 10_13_2) AppleWebKit/537.36 (KHTML, like Gecko) Chrome/63.0.3239.132 Safari/537.36',
  'accept' => '*/*',
  'referer' => 'http://storeapp.com/store/admin_product/edit/id/5.html',
  'accept-encoding' => 'gzip, deflate',
  'accept-language' => 'zh-CN,zh;q=0.9',
  'cookie' => 'thinkphp_show_page_trace=0|0; PHPSESSID=1hg6fs99r37bl69o3pe3j407c2; admin_username=admin',
)
[ info ] [ PARAM ] array (
  'action' => 'config',
  'noCache' => '1516784076984',
)
[ info ] [ LANG ] /Users/zhangshibiao/code/php/storeapp/public/../simplewind/cmf/lang/zh-cn.php
[ info ] [ LANG ] /Users/zhangshibiao/code/php/storeapp/public/../app/admin/lang/zh-cn/common.php
[ info ] [ LANG ] /Users/zhangshibiao/code/php/storeapp/public/../app/portal/lang/zh-cn/common.php
[ info ] [ BEHAVIOR ] Run cmf\behavior\LangBehavior @app_begin [ RunTime:0.000577s ]
[ info ] [ LANG ] /Users/zhangshibiao/code/php/storeapp/public/../app/user/lang/zh-cn.php
[ info ] [ CACHE ] INIT File
[ info ] [ SESSION ] INIT array (
  'id' => '',
  'var_session_id' => '',
  'prefix' => 'think',
  'type' => '',
  'auto_start' => true,
)
[ info ] [ RUN ] app\user\controller\UeditorController->upload[ /Users/zhangshibiao/code/php/storeapp/app/user/controller/UeditorController.php ]
[ info ] [ LOG ] INIT File
[ sql ] [ DB ] CONNECT:[ UseTime:0.015742s ] mysql:host=192.168.1.25;port=3306;dbname=store;charset=utf8
[ sql ] [ SQL ] SHOW COLUMNS FROM `cmf_hook_plugin` [ RunTime:0.020999s ]
[ sql ] [ SQL ] SELECT `hook`,`plugin` FROM `cmf_hook_plugin` WHERE  `status` = 1 ORDER BY list_order ASC [ RunTime:0.004794s ]
[ sql ] [ SQL ] SHOW COLUMNS FROM `cmf_option` [ RunTime:0.029887s ]
[ sql ] [ SQL ] SELECT `option_value` FROM `cmf_option` WHERE  `option_name` = 'upload_setting' LIMIT 1 [ RunTime:0.004909s ]
---------------------------------------------------------------
[ 2018-01-24T16:54:51+08:00 ] 127.0.0.1 POST /store/admin_product/edit.html
[ info ] storeapp.com/store/admin_product/edit.html [运行时间：0.319482s][吞吐率：3.13req/s] [内存消耗：3,663.88kb] [文件加载：75]
[ info ] [ DB ] INIT mysql
[ info ] [ BEHAVIOR ] Run cmf\behavior\InitHookBehavior @app_init [ RunTime:0.058301s ]
[ info ] [ LANG ] /Users/zhangshibiao/code/php/storeapp/simplewind/thinkphp/lang/zh-cn.php
[ info ] [ ROUTE ] array (
  'type' => 'module',
  'module' => 
  array (
    0 => 'store',
    1 => 'admin_product',
    2 => 'edit',
  ),
)
[ info ] [ HEADER ] array (
  'host' => 'storeapp.com',
  'connection' => 'keep-alive',
  'content-length' => '1051',
  'accept' => 'application/json, text/javascript, */*; q=0.01',
  'origin' => 'http://storeapp.com',
  'x-requested-with' => 'XMLHttpRequest',
  'user-agent' => 'Mozilla/5.0 (Macintosh; Intel Mac OS X 10_13_2) AppleWebKit/537.36 (KHTML, like Gecko) Chrome/63.0.3239.132 Safari/537.36',
  'content-type' => 'application/x-www-form-urlencoded; charset=UTF-8',
  'referer' => 'http://storeapp.com/store/admin_product/edit/id/5.html',
  'accept-encoding' => 'gzip, deflate',
  'accept-language' => 'zh-CN,zh;q=0.9',
  'cookie' => 'thinkphp_show_page_trace=0|0; thinkphp_show_page_trace=0|0; PHPSESSID=1hg6fs99r37bl69o3pe3j407c2; admin_username=admin',
)
[ info ] [ PARAM ] array (
  'category' => '1',
  'id' => '5',
  'title' => '月度运营服务费用',
  'subtitle' => '',
  'price' => '111',
  'orgprice' => '1',
  'initprice' => '1',
  'store_count' => '9999',
  'photo_urls' => 
  array (
    0 => 'store/20180122/693aa44a98f0584ecb7a1eebd736f7df.jpeg',
    1 => 'store/20180122/a512e4746ec0e1a8100eca88475dabf7.jpeg',
  ),
  'photo_names' => 
  array (
    0 => 'timg (1).jpeg',
    1 => 'timg (2).jpeg',
  ),
  'published_time' => '2017-12-09 14:59:12',
  'publish' => '1',
  'recommended' => '1',
  'product_type' => '1',
  'shipping_price' => '100',
  'details' => '&lt;p&gt;&lt;img src=&quot;http://storeapp.com/upload/admin/20180122/58be9d499ee2dcb0b7bddd984db3b851.jpg&quot; style=&quot;width: 432px; height: 377px;&quot; title=&quot;swiper3.jpg&quot; width=&quot;432&quot; height=&quot;377&quot;/&gt;&lt;/p&gt;&lt;p&gt;&lt;img src=&quot;http://storeapp.com/upload/admin/20180122/211368b64453d29e77bcd31fdc44e980.jpeg&quot; style=&quot;width: 750px; height: 600px;&quot; title=&quot;timg.jpeg&quot; width=&quot;750&quot; height=&quot;600&quot; border=&quot;0&quot; vspace=&quot;0&quot; alt=&quot;timg.jpeg&quot;/&gt;&lt;/p&gt;&lt;p&gt;&lt;br/&gt;&lt;/p&gt;',
)
[ info ] [ LANG ] /Users/zhangshibiao/code/php/storeapp/public/../simplewind/cmf/lang/zh-cn.php
[ info ] [ LANG ] /Users/zhangshibiao/code/php/storeapp/public/../app/admin/lang/zh-cn/common.php
[ info ] [ LANG ] /Users/zhangshibiao/code/php/storeapp/public/../app/portal/lang/zh-cn/common.php
[ info ] [ BEHAVIOR ] Run cmf\behavior\LangBehavior @app_begin [ RunTime:0.002963s ]
[ info ] [ CACHE ] INIT File
[ info ] [ LANG ] /Users/zhangshibiao/code/php/storeapp/public/../app/admin/lang/zh-cn/admin_menu.php
[ info ] [ LANG ] /Users/zhangshibiao/code/php/storeapp/public/../app/admin/lang/zh-cn/admin.php
[ info ] [ LANG ] /Users/zhangshibiao/code/php/storeapp/public/../app/user/lang/zh-cn/admin_menu.php
[ info ] [ LANG ] /Users/zhangshibiao/code/php/storeapp/public/../data/lang/zh-cn/admin_menu.php
[ info ] [ BEHAVIOR ] Run cmf\behavior\AdminLangBehavior @admin_init [ RunTime:0.004784s ]
[ info ] [ SESSION ] INIT array (
  'id' => '',
  'var_session_id' => '',
  'prefix' => 'think',
  'type' => '',
  'auto_start' => true,
)
[ info ] [ RUN ] app\store\controller\AdminProductController->edit[ /Users/zhangshibiao/code/php/storeapp/app/store/controller/AdminProductController.php ]
[ info ] [ LOG ] INIT File
[ sql ] [ DB ] CONNECT:[ UseTime:0.020071s ] mysql:host=192.168.1.25;port=3306;dbname=store;charset=utf8
[ sql ] [ SQL ] SHOW COLUMNS FROM `cmf_hook_plugin` [ RunTime:0.018410s ]
[ sql ] [ SQL ] SELECT `hook`,`plugin` FROM `cmf_hook_plugin` WHERE  `status` = 1 ORDER BY list_order ASC [ RunTime:0.006415s ]
[ sql ] [ SQL ] SHOW COLUMNS FROM `cmf_user` [ RunTime:0.031246s ]
[ sql ] [ SQL ] SELECT * FROM `cmf_user` WHERE  `id` = 1 LIMIT 1 [ RunTime:0.011267s ]
[ sql ] [ SQL ] SHOW COLUMNS FROM `cmf_option` [ RunTime:0.027667s ]
[ sql ] [ SQL ] SELECT `option_value` FROM `cmf_option` WHERE  `option_name` = 'storage' LIMIT 1 [ RunTime:0.007278s ]
[ sql ] [ SQL ] SHOW COLUMNS FROM `cmf_product` [ RunTime:0.028188s ]
[ sql ] [ SQL ] UPDATE `cmf_product`  SET `category`=1,`title`='月度运营服务费用',`subtitle`='',`price`=111,`orgprice`=1,`initprice`=1,`store_count`=9999,`published_time`=1512802752,`publish`=1,`recommended`=1,`product_type`=1,`shipping_price`=100,`details`='\n&lt;p&gt;&lt;img src=&quot;admin/20180122/58be9d499ee2dcb0b7bddd984db3b851.jpg&quot; style=&quot;width: 432px; height: 377px;&quot; title=&quot;swiper3.jpg&quot; width=&quot;432&quot; height=&quot;377&quot;&gt;&lt;/p&gt;\n&lt;p&gt;&lt;img src=&quot;admin/20180122/211368b64453d29e77bcd31fdc44e980.jpeg&quot; style=&quot;width: 750px; height: 600px;&quot; title=&quot;timg.jpeg&quot; width=&quot;750&quot; height=&quot;600&quot; border=&quot;0&quot; vspace=&quot;0&quot; alt=&quot;timg.jpeg&quot;&gt;&lt;/p&gt;\n&lt;p&gt;&lt;br&gt;&lt;/p&gt;\n',`thumb`='{\"photos\":[{\"url\":\"store\\/20180122\\/693aa44a98f0584ecb7a1eebd736f7df.jpeg\",\"name\":\"timg (1).jpeg\"},{\"url\":\"store\\/20180122\\/a512e4746ec0e1a8100eca88475dabf7.jpeg\",\"name\":\"timg (2).jpeg\"}]}'  WHERE  `id` = 5 [ RunTime:0.043223s ]
---------------------------------------------------------------
[ 2018-01-24T16:54:54+08:00 ] 127.0.0.1 GET /store/admin_product/index.html
[ info ] storeapp.com/store/admin_product/index.html [运行时间：0.226031s][吞吐率：4.42req/s] [内存消耗：3,412.42kb] [文件加载：84]
[ info ] [ DB ] INIT mysql
[ info ] [ BEHAVIOR ] Run cmf\behavior\InitHookBehavior @app_init [ RunTime:0.041310s ]
[ info ] [ LANG ] /Users/zhangshibiao/code/php/storeapp/simplewind/thinkphp/lang/zh-cn.php
[ info ] [ ROUTE ] array (
  'type' => 'module',
  'module' => 
  array (
    0 => 'store',
    1 => 'admin_product',
    2 => 'index',
  ),
)
[ info ] [ HEADER ] array (
  'host' => 'storeapp.com',
  'connection' => 'keep-alive',
  'upgrade-insecure-requests' => '1',
  'user-agent' => 'Mozilla/5.0 (Macintosh; Intel Mac OS X 10_13_2) AppleWebKit/537.36 (KHTML, like Gecko) Chrome/63.0.3239.132 Safari/537.36',
  'accept' => 'text/html,application/xhtml+xml,application/xml;q=0.9,image/webp,image/apng,*/*;q=0.8',
  'referer' => 'http://storeapp.com/store/admin_product/edit/id/5.html',
  'accept-encoding' => 'gzip, deflate',
  'accept-language' => 'zh-CN,zh;q=0.9',
  'cookie' => 'thinkphp_show_page_trace=0|0; thinkphp_show_page_trace=0|0; PHPSESSID=1hg6fs99r37bl69o3pe3j407c2; admin_username=admin',
)
[ info ] [ PARAM ] array (
)
[ info ] [ LANG ] /Users/zhangshibiao/code/php/storeapp/public/../simplewind/cmf/lang/zh-cn.php
[ info ] [ LANG ] /Users/zhangshibiao/code/php/storeapp/public/../app/admin/lang/zh-cn/common.php
[ info ] [ LANG ] /Users/zhangshibiao/code/php/storeapp/public/../app/portal/lang/zh-cn/common.php
[ info ] [ BEHAVIOR ] Run cmf\behavior\LangBehavior @app_begin [ RunTime:0.000833s ]
[ info ] [ CACHE ] INIT File
[ info ] [ LANG ] /Users/zhangshibiao/code/php/storeapp/public/../app/admin/lang/zh-cn/admin_menu.php
[ info ] [ LANG ] /Users/zhangshibiao/code/php/storeapp/public/../app/admin/lang/zh-cn/admin.php
[ info ] [ LANG ] /Users/zhangshibiao/code/php/storeapp/public/../app/user/lang/zh-cn/admin_menu.php
[ info ] [ LANG ] /Users/zhangshibiao/code/php/storeapp/public/../data/lang/zh-cn/admin_menu.php
[ info ] [ BEHAVIOR ] Run cmf\behavior\AdminLangBehavior @admin_init [ RunTime:0.001110s ]
[ info ] [ SESSION ] INIT array (
  'id' => '',
  'var_session_id' => '',
  'prefix' => 'think',
  'type' => '',
  'auto_start' => true,
)
[ info ] [ RUN ] app\store\controller\AdminProductController->index[ /Users/zhangshibiao/code/php/storeapp/app/store/controller/AdminProductController.php ]
[ info ] [ VIEW ] themes/admin_simpleboot3/store/admin_product/index.html [ array (
  0 => 'admin',
  1 => 'products',
  2 => 'cur_category',
  3 => 'category',
) ]
[ info ] [ LOG ] INIT File
[ sql ] [ DB ] CONNECT:[ UseTime:0.009450s ] mysql:host=192.168.1.25;port=3306;dbname=store;charset=utf8
[ sql ] [ SQL ] SHOW COLUMNS FROM `cmf_hook_plugin` [ RunTime:0.018912s ]
[ sql ] [ SQL ] SELECT `hook`,`plugin` FROM `cmf_hook_plugin` WHERE  `status` = 1 ORDER BY list_order ASC [ RunTime:0.005947s ]
[ sql ] [ SQL ] SHOW COLUMNS FROM `cmf_user` [ RunTime:0.025092s ]
[ sql ] [ SQL ] SELECT * FROM `cmf_user` WHERE  `id` = 1 LIMIT 1 [ RunTime:0.007173s ]
[ sql ] [ SQL ] SHOW COLUMNS FROM `cmf_product` [ RunTime:0.019835s ]
[ sql ] [ SQL ] SELECT COUNT(*) AS tp_count FROM `cmf_product` WHERE  `delete_time` = 0 LIMIT 1 [ RunTime:0.005372s ]
[ sql ] [ SQL ] SELECT * FROM `cmf_product` WHERE  `delete_time` = 0 ORDER BY list_order asc, id desc LIMIT 0,20 [ RunTime:0.006875s ]
[ sql ] [ SQL ] SHOW COLUMNS FROM `cmf_product_category` [ RunTime:0.022580s ]
[ sql ] [ SQL ] SELECT * FROM `cmf_product_category` WHERE  `id` IN (1,2,3) [ RunTime:0.005240s ]
[ sql ] [ SQL ] SELECT * FROM `cmf_product_category` [ RunTime:0.005310s ]
[ sql ] [ SQL ] SHOW COLUMNS FROM `cmf_option` [ RunTime:0.025477s ]
[ sql ] [ SQL ] SELECT `option_value` FROM `cmf_option` WHERE  `option_name` = 'storage' LIMIT 1 [ RunTime:0.014249s ]
---------------------------------------------------------------
[ 2018-01-24T16:54:56+08:00 ] 127.0.0.1 GET /store/admin_product/edit/id/4.html
[ info ] storeapp.com/store/admin_product/edit/id/4.html [运行时间：0.229983s][吞吐率：4.35req/s] [内存消耗：3,992.20kb] [文件加载：81]
[ info ] [ DB ] INIT mysql
[ info ] [ BEHAVIOR ] Run cmf\behavior\InitHookBehavior @app_init [ RunTime:0.047916s ]
[ info ] [ LANG ] /Users/zhangshibiao/code/php/storeapp/simplewind/thinkphp/lang/zh-cn.php
[ info ] [ ROUTE ] array (
  'type' => 'module',
  'module' => 
  array (
    0 => 'store',
    1 => 'admin_product',
    2 => 'edit',
  ),
)
[ info ] [ HEADER ] array (
  'host' => 'storeapp.com',
  'connection' => 'keep-alive',
  'upgrade-insecure-requests' => '1',
  'user-agent' => 'Mozilla/5.0 (Macintosh; Intel Mac OS X 10_13_2) AppleWebKit/537.36 (KHTML, like Gecko) Chrome/63.0.3239.132 Safari/537.36',
  'accept' => 'text/html,application/xhtml+xml,application/xml;q=0.9,image/webp,image/apng,*/*;q=0.8',
  'referer' => 'http://storeapp.com/store/admin_product/index.html',
  'accept-encoding' => 'gzip, deflate',
  'accept-language' => 'zh-CN,zh;q=0.9',
  'cookie' => 'thinkphp_show_page_trace=0|0; thinkphp_show_page_trace=0|0; thinkphp_show_page_trace=0|0; PHPSESSID=1hg6fs99r37bl69o3pe3j407c2; admin_username=admin',
)
[ info ] [ PARAM ] array (
  'id' => '4',
)
[ info ] [ LANG ] /Users/zhangshibiao/code/php/storeapp/public/../simplewind/cmf/lang/zh-cn.php
[ info ] [ LANG ] /Users/zhangshibiao/code/php/storeapp/public/../app/admin/lang/zh-cn/common.php
[ info ] [ LANG ] /Users/zhangshibiao/code/php/storeapp/public/../app/portal/lang/zh-cn/common.php
[ info ] [ BEHAVIOR ] Run cmf\behavior\LangBehavior @app_begin [ RunTime:0.001159s ]
[ info ] [ CACHE ] INIT File
[ info ] [ LANG ] /Users/zhangshibiao/code/php/storeapp/public/../app/admin/lang/zh-cn/admin_menu.php
[ info ] [ LANG ] /Users/zhangshibiao/code/php/storeapp/public/../app/admin/lang/zh-cn/admin.php
[ info ] [ LANG ] /Users/zhangshibiao/code/php/storeapp/public/../app/user/lang/zh-cn/admin_menu.php
[ info ] [ LANG ] /Users/zhangshibiao/code/php/storeapp/public/../data/lang/zh-cn/admin_menu.php
[ info ] [ BEHAVIOR ] Run cmf\behavior\AdminLangBehavior @admin_init [ RunTime:0.001004s ]
[ info ] [ SESSION ] INIT array (
  'id' => '',
  'var_session_id' => '',
  'prefix' => 'think',
  'type' => '',
  'auto_start' => true,
)
[ info ] [ RUN ] app\store\controller\AdminProductController->edit[ /Users/zhangshibiao/code/php/storeapp/app/store/controller/AdminProductController.php ]
[ info ] [ VIEW ] themes/admin_simpleboot3/store/admin_product/edit.html [ array (
  0 => 'admin',
  1 => 'types',
  2 => 'categories',
  3 => 'product',
) ]
[ info ] [ LOG ] INIT File
[ sql ] [ DB ] CONNECT:[ UseTime:0.009795s ] mysql:host=192.168.1.25;port=3306;dbname=store;charset=utf8
[ sql ] [ SQL ] SHOW COLUMNS FROM `cmf_hook_plugin` [ RunTime:0.023221s ]
[ sql ] [ SQL ] SELECT `hook`,`plugin` FROM `cmf_hook_plugin` WHERE  `status` = 1 ORDER BY list_order ASC [ RunTime:0.008174s ]
[ sql ] [ SQL ] SHOW COLUMNS FROM `cmf_user` [ RunTime:0.027567s ]
[ sql ] [ SQL ] SELECT * FROM `cmf_user` WHERE  `id` = 1 LIMIT 1 [ RunTime:0.006621s ]
[ sql ] [ SQL ] SHOW COLUMNS FROM `cmf_product_type` [ RunTime:0.020962s ]
[ sql ] [ SQL ] SELECT * FROM `cmf_product_type` [ RunTime:0.005885s ]
[ sql ] [ SQL ] SHOW COLUMNS FROM `cmf_product_category` [ RunTime:0.019919s ]
[ sql ] [ SQL ] SELECT * FROM `cmf_product_category` [ RunTime:0.005673s ]
[ sql ] [ SQL ] SHOW COLUMNS FROM `cmf_product` [ RunTime:0.013984s ]
[ sql ] [ SQL ] SELECT * FROM `cmf_product` WHERE  `id` = 4 LIMIT 1 [ RunTime:0.006938s ]
[ sql ] [ SQL ] SHOW COLUMNS FROM `cmf_option` [ RunTime:0.014300s ]
[ sql ] [ SQL ] SELECT `option_value` FROM `cmf_option` WHERE  `option_name` = 'storage' LIMIT 1 [ RunTime:0.004496s ]
---------------------------------------------------------------
[ 2018-01-24T16:54:56+08:00 ] 127.0.0.1 GET /user/Ueditor/upload?action=config&&noCache=1516784096523
[ info ] storeapp.com/user/Ueditor/upload?action=config&&noCache=1516784096523 [运行时间：0.094156s][吞吐率：10.62req/s] [内存消耗：2,569.56kb] [文件加载：61]
[ info ] [ DB ] INIT mysql
[ info ] [ BEHAVIOR ] Run cmf\behavior\InitHookBehavior @app_init [ RunTime:0.047895s ]
[ info ] [ LANG ] /Users/zhangshibiao/code/php/storeapp/simplewind/thinkphp/lang/zh-cn.php
[ info ] [ ROUTE ] array (
  'type' => 'module',
  'module' => 
  array (
    0 => 'user',
    1 => 'Ueditor',
    2 => 'upload',
  ),
)
[ info ] [ HEADER ] array (
  'host' => 'storeapp.com',
  'connection' => 'keep-alive',
  'user-agent' => 'Mozilla/5.0 (Macintosh; Intel Mac OS X 10_13_2) AppleWebKit/537.36 (KHTML, like Gecko) Chrome/63.0.3239.132 Safari/537.36',
  'accept' => '*/*',
  'referer' => 'http://storeapp.com/store/admin_product/edit/id/4.html',
  'accept-encoding' => 'gzip, deflate',
  'accept-language' => 'zh-CN,zh;q=0.9',
  'cookie' => 'thinkphp_show_page_trace=0|0; PHPSESSID=1hg6fs99r37bl69o3pe3j407c2; admin_username=admin',
)
[ info ] [ PARAM ] array (
  'action' => 'config',
  'noCache' => '1516784096523',
)
[ info ] [ LANG ] /Users/zhangshibiao/code/php/storeapp/public/../simplewind/cmf/lang/zh-cn.php
[ info ] [ LANG ] /Users/zhangshibiao/code/php/storeapp/public/../app/admin/lang/zh-cn/common.php
[ info ] [ LANG ] /Users/zhangshibiao/code/php/storeapp/public/../app/portal/lang/zh-cn/common.php
[ info ] [ BEHAVIOR ] Run cmf\behavior\LangBehavior @app_begin [ RunTime:0.000463s ]
[ info ] [ LANG ] /Users/zhangshibiao/code/php/storeapp/public/../app/user/lang/zh-cn.php
[ info ] [ CACHE ] INIT File
[ info ] [ SESSION ] INIT array (
  'id' => '',
  'var_session_id' => '',
  'prefix' => 'think',
  'type' => '',
  'auto_start' => true,
)
[ info ] [ RUN ] app\user\controller\UeditorController->upload[ /Users/zhangshibiao/code/php/storeapp/app/user/controller/UeditorController.php ]
[ info ] [ LOG ] INIT File
[ sql ] [ DB ] CONNECT:[ UseTime:0.010524s ] mysql:host=192.168.1.25;port=3306;dbname=store;charset=utf8
[ sql ] [ SQL ] SHOW COLUMNS FROM `cmf_hook_plugin` [ RunTime:0.026302s ]
[ sql ] [ SQL ] SELECT `hook`,`plugin` FROM `cmf_hook_plugin` WHERE  `status` = 1 ORDER BY list_order ASC [ RunTime:0.005022s ]
[ sql ] [ SQL ] SHOW COLUMNS FROM `cmf_option` [ RunTime:0.023170s ]
[ sql ] [ SQL ] SELECT `option_value` FROM `cmf_option` WHERE  `option_name` = 'upload_setting' LIMIT 1 [ RunTime:0.005123s ]
---------------------------------------------------------------
[ 2018-01-24T16:55:00+08:00 ] 127.0.0.1 POST /store/admin_product/edit.html
[ info ] storeapp.com/store/admin_product/edit.html [运行时间：0.265570s][吞吐率：3.77req/s] [内存消耗：2,963.61kb] [文件加载：72]
[ info ] [ DB ] INIT mysql
[ info ] [ BEHAVIOR ] Run cmf\behavior\InitHookBehavior @app_init [ RunTime:0.092477s ]
[ info ] [ LANG ] /Users/zhangshibiao/code/php/storeapp/simplewind/thinkphp/lang/zh-cn.php
[ info ] [ ROUTE ] array (
  'type' => 'module',
  'module' => 
  array (
    0 => 'store',
    1 => 'admin_product',
    2 => 'edit',
  ),
)
[ info ] [ HEADER ] array (
  'host' => 'storeapp.com',
  'connection' => 'keep-alive',
  'content-length' => '355',
  'accept' => 'application/json, text/javascript, */*; q=0.01',
  'origin' => 'http://storeapp.com',
  'x-requested-with' => 'XMLHttpRequest',
  'user-agent' => 'Mozilla/5.0 (Macintosh; Intel Mac OS X 10_13_2) AppleWebKit/537.36 (KHTML, like Gecko) Chrome/63.0.3239.132 Safari/537.36',
  'content-type' => 'application/x-www-form-urlencoded; charset=UTF-8',
  'referer' => 'http://storeapp.com/store/admin_product/edit/id/4.html',
  'accept-encoding' => 'gzip, deflate',
  'accept-language' => 'zh-CN,zh;q=0.9',
  'cookie' => 'thinkphp_show_page_trace=0|0; thinkphp_show_page_trace=0|0; PHPSESSID=1hg6fs99r37bl69o3pe3j407c2; admin_username=admin',
)
[ info ] [ PARAM ] array (
  'category' => '1',
  'id' => '4',
  'title' => '季度运营服务费用',
  'subtitle' => '',
  'price' => '222',
  'orgprice' => '1',
  'initprice' => '1',
  'store_count' => '9999',
  'photo_urls' => 
  array (
    0 => 'store/20180122/693aa44a98f0584ecb7a1eebd736f7df.jpeg',
  ),
  'photo_names' => 
  array (
    0 => 'timg (1).jpeg',
  ),
  'published_time' => '1970-01-01 08:32:50',
  'publish' => '1',
  'recommended' => '1',
  'product_type' => '2',
  'shipping_price' => '0',
)
[ info ] [ LANG ] /Users/zhangshibiao/code/php/storeapp/public/../simplewind/cmf/lang/zh-cn.php
[ info ] [ LANG ] /Users/zhangshibiao/code/php/storeapp/public/../app/admin/lang/zh-cn/common.php
[ info ] [ LANG ] /Users/zhangshibiao/code/php/storeapp/public/../app/portal/lang/zh-cn/common.php
[ info ] [ BEHAVIOR ] Run cmf\behavior\LangBehavior @app_begin [ RunTime:0.001279s ]
[ info ] [ CACHE ] INIT File
[ info ] [ LANG ] /Users/zhangshibiao/code/php/storeapp/public/../app/admin/lang/zh-cn/admin_menu.php
[ info ] [ LANG ] /Users/zhangshibiao/code/php/storeapp/public/../app/admin/lang/zh-cn/admin.php
[ info ] [ LANG ] /Users/zhangshibiao/code/php/storeapp/public/../app/user/lang/zh-cn/admin_menu.php
[ info ] [ LANG ] /Users/zhangshibiao/code/php/storeapp/public/../data/lang/zh-cn/admin_menu.php
[ info ] [ BEHAVIOR ] Run cmf\behavior\AdminLangBehavior @admin_init [ RunTime:0.000968s ]
[ info ] [ SESSION ] INIT array (
  'id' => '',
  'var_session_id' => '',
  'prefix' => 'think',
  'type' => '',
  'auto_start' => true,
)
[ info ] [ RUN ] app\store\controller\AdminProductController->edit[ /Users/zhangshibiao/code/php/storeapp/app/store/controller/AdminProductController.php ]
[ info ] [ LOG ] INIT File
[ sql ] [ DB ] CONNECT:[ UseTime:0.049737s ] mysql:host=192.168.1.25;port=3306;dbname=store;charset=utf8
[ sql ] [ SQL ] SHOW COLUMNS FROM `cmf_hook_plugin` [ RunTime:0.024388s ]
[ sql ] [ SQL ] SELECT `hook`,`plugin` FROM `cmf_hook_plugin` WHERE  `status` = 1 ORDER BY list_order ASC [ RunTime:0.011492s ]
[ sql ] [ SQL ] SHOW COLUMNS FROM `cmf_user` [ RunTime:0.035479s ]
[ sql ] [ SQL ] SELECT * FROM `cmf_user` WHERE  `id` = 1 LIMIT 1 [ RunTime:0.020077s ]
[ sql ] [ SQL ] SHOW COLUMNS FROM `cmf_product` [ RunTime:0.020191s ]
[ sql ] [ SQL ] UPDATE `cmf_product`  SET `category`=1,`title`='季度运营服务费用',`subtitle`='',`price`=222,`orgprice`=1,`initprice`=1,`store_count`=9999,`published_time`=1970,`publish`=1,`recommended`=1,`product_type`=2,`shipping_price`=0,`thumb`='{\"photos\":[{\"url\":\"store\\/20180122\\/693aa44a98f0584ecb7a1eebd736f7df.jpeg\",\"name\":\"timg (1).jpeg\"}]}'  WHERE  `id` = 4 [ RunTime:0.061441s ]
---------------------------------------------------------------
[ 2018-01-24T16:55:02+08:00 ] 127.0.0.1 GET /store/admin_product/index.html
[ info ] storeapp.com/store/admin_product/index.html [运行时间：0.274889s][吞吐率：3.64req/s] [内存消耗：3,412.42kb] [文件加载：84]
[ info ] [ DB ] INIT mysql
[ info ] [ BEHAVIOR ] Run cmf\behavior\InitHookBehavior @app_init [ RunTime:0.042897s ]
[ info ] [ LANG ] /Users/zhangshibiao/code/php/storeapp/simplewind/thinkphp/lang/zh-cn.php
[ info ] [ ROUTE ] array (
  'type' => 'module',
  'module' => 
  array (
    0 => 'store',
    1 => 'admin_product',
    2 => 'index',
  ),
)
[ info ] [ HEADER ] array (
  'host' => 'storeapp.com',
  'connection' => 'keep-alive',
  'upgrade-insecure-requests' => '1',
  'user-agent' => 'Mozilla/5.0 (Macintosh; Intel Mac OS X 10_13_2) AppleWebKit/537.36 (KHTML, like Gecko) Chrome/63.0.3239.132 Safari/537.36',
  'accept' => 'text/html,application/xhtml+xml,application/xml;q=0.9,image/webp,image/apng,*/*;q=0.8',
  'referer' => 'http://storeapp.com/store/admin_product/edit/id/4.html',
  'accept-encoding' => 'gzip, deflate',
  'accept-language' => 'zh-CN,zh;q=0.9',
  'cookie' => 'thinkphp_show_page_trace=0|0; thinkphp_show_page_trace=0|0; PHPSESSID=1hg6fs99r37bl69o3pe3j407c2; admin_username=admin',
)
[ info ] [ PARAM ] array (
)
[ info ] [ LANG ] /Users/zhangshibiao/code/php/storeapp/public/../simplewind/cmf/lang/zh-cn.php
[ info ] [ LANG ] /Users/zhangshibiao/code/php/storeapp/public/../app/admin/lang/zh-cn/common.php
[ info ] [ LANG ] /Users/zhangshibiao/code/php/storeapp/public/../app/portal/lang/zh-cn/common.php
[ info ] [ BEHAVIOR ] Run cmf\behavior\LangBehavior @app_begin [ RunTime:0.000990s ]
[ info ] [ CACHE ] INIT File
[ info ] [ LANG ] /Users/zhangshibiao/code/php/storeapp/public/../app/admin/lang/zh-cn/admin_menu.php
[ info ] [ LANG ] /Users/zhangshibiao/code/php/storeapp/public/../app/admin/lang/zh-cn/admin.php
[ info ] [ LANG ] /Users/zhangshibiao/code/php/storeapp/public/../app/user/lang/zh-cn/admin_menu.php
[ info ] [ LANG ] /Users/zhangshibiao/code/php/storeapp/public/../data/lang/zh-cn/admin_menu.php
[ info ] [ BEHAVIOR ] Run cmf\behavior\AdminLangBehavior @admin_init [ RunTime:0.000981s ]
[ info ] [ SESSION ] INIT array (
  'id' => '',
  'var_session_id' => '',
  'prefix' => 'think',
  'type' => '',
  'auto_start' => true,
)
[ info ] [ RUN ] app\store\controller\AdminProductController->index[ /Users/zhangshibiao/code/php/storeapp/app/store/controller/AdminProductController.php ]
[ info ] [ VIEW ] themes/admin_simpleboot3/store/admin_product/index.html [ array (
  0 => 'admin',
  1 => 'products',
  2 => 'cur_category',
  3 => 'category',
) ]
[ info ] [ LOG ] INIT File
[ sql ] [ DB ] CONNECT:[ UseTime:0.006229s ] mysql:host=192.168.1.25;port=3306;dbname=store;charset=utf8
[ sql ] [ SQL ] SHOW COLUMNS FROM `cmf_hook_plugin` [ RunTime:0.017549s ]
[ sql ] [ SQL ] SELECT `hook`,`plugin` FROM `cmf_hook_plugin` WHERE  `status` = 1 ORDER BY list_order ASC [ RunTime:0.011474s ]
[ sql ] [ SQL ] SHOW COLUMNS FROM `cmf_user` [ RunTime:0.019433s ]
[ sql ] [ SQL ] SELECT * FROM `cmf_user` WHERE  `id` = 1 LIMIT 1 [ RunTime:0.010335s ]
[ sql ] [ SQL ] SHOW COLUMNS FROM `cmf_product` [ RunTime:0.019539s ]
[ sql ] [ SQL ] SELECT COUNT(*) AS tp_count FROM `cmf_product` WHERE  `delete_time` = 0 LIMIT 1 [ RunTime:0.012857s ]
[ sql ] [ SQL ] SELECT * FROM `cmf_product` WHERE  `delete_time` = 0 ORDER BY list_order asc, id desc LIMIT 0,20 [ RunTime:0.016776s ]
[ sql ] [ SQL ] SHOW COLUMNS FROM `cmf_product_category` [ RunTime:0.028823s ]
[ sql ] [ SQL ] SELECT * FROM `cmf_product_category` WHERE  `id` IN (1,2,3) [ RunTime:0.005679s ]
[ sql ] [ SQL ] SELECT * FROM `cmf_product_category` [ RunTime:0.005657s ]
[ sql ] [ SQL ] SHOW COLUMNS FROM `cmf_option` [ RunTime:0.065457s ]
[ sql ] [ SQL ] SELECT `option_value` FROM `cmf_option` WHERE  `option_name` = 'storage' LIMIT 1 [ RunTime:0.004413s ]
